<?xml version="1.0" encoding="UTF-8"?>
<testsuite name="de.htwberlin.webtech.webtech.WebtechApplicationTests" tests="1" skipped="0" failures="0" errors="0" timestamp="2021-11-01T22:14:13" hostname="DESKTOP-VADVP09" time="0.392">
  <properties/>
  <testcase name="contextLoads()" classname="de.htwberlin.webtech.webtech.WebtechApplicationTests" time="0.392"/>
  <system-out><![CDATA[23:14:11.759 [Test worker] DEBUG org.springframework.test.context.BootstrapUtils - Instantiating CacheAwareContextLoaderDelegate from class [org.springframework.test.context.cache.DefaultCacheAwareContextLoaderDelegate]
23:14:11.776 [Test worker] DEBUG org.springframework.test.context.BootstrapUtils - Instantiating BootstrapContext using constructor [public org.springframework.test.context.support.DefaultBootstrapContext(java.lang.Class,org.springframework.test.context.CacheAwareContextLoaderDelegate)]
23:14:11.813 [Test worker] DEBUG org.springframework.test.context.BootstrapUtils - Instantiating TestContextBootstrapper for test class [de.htwberlin.webtech.webtech.WebtechApplicationTests] from class [org.springframework.boot.test.context.SpringBootTestContextBootstrapper]
23:14:11.827 [Test worker] INFO org.springframework.boot.test.context.SpringBootTestContextBootstrapper - Neither @ContextConfiguration nor @ContextHierarchy found for test class [de.htwberlin.webtech.webtech.WebtechApplicationTests], using SpringBootContextLoader
23:14:11.832 [Test worker] DEBUG org.springframework.test.context.support.AbstractContextLoader - Did not detect default resource location for test class [de.htwberlin.webtech.webtech.WebtechApplicationTests]: class path resource [de/htwberlin/webtech/webtech/WebtechApplicationTests-context.xml] does not exist
23:14:11.832 [Test worker] DEBUG org.springframework.test.context.support.AbstractContextLoader - Did not detect default resource location for test class [de.htwberlin.webtech.webtech.WebtechApplicationTests]: class path resource [de/htwberlin/webtech/webtech/WebtechApplicationTestsContext.groovy] does not exist
23:14:11.832 [Test worker] INFO org.springframework.test.context.support.AbstractContextLoader - Could not detect default resource locations for test class [de.htwberlin.webtech.webtech.WebtechApplicationTests]: no resource found for suffixes {-context.xml, Context.groovy}.
23:14:11.833 [Test worker] INFO org.springframework.test.context.support.AnnotationConfigContextLoaderUtils - Could not detect default configuration classes for test class [de.htwberlin.webtech.webtech.WebtechApplicationTests]: WebtechApplicationTests does not declare any static, non-private, non-final, nested classes annotated with @Configuration.
23:14:11.877 [Test worker] DEBUG org.springframework.test.context.support.ActiveProfilesUtils - Could not find an 'annotation declaring class' for annotation type [org.springframework.test.context.ActiveProfiles] and class [de.htwberlin.webtech.webtech.WebtechApplicationTests]
23:14:11.945 [Test worker] DEBUG org.springframework.context.annotation.ClassPathScanningCandidateComponentProvider - Identified candidate component class: file [C:\Users\Илья - Elias\Desktop\Webtechnologien\WebtechProjekt\build\classes\java\main\de\htwberlin\webtech\webtech\WebtechApplication.class]
23:14:11.946 [Test worker] INFO org.springframework.boot.test.context.SpringBootTestContextBootstrapper - Found @SpringBootConfiguration de.htwberlin.webtech.webtech.WebtechApplication for test class de.htwberlin.webtech.webtech.WebtechApplicationTests
23:14:12.058 [Test worker] DEBUG org.springframework.boot.test.context.SpringBootTestContextBootstrapper - @TestExecutionListeners is not present for class [de.htwberlin.webtech.webtech.WebtechApplicationTests]: using defaults.
23:14:12.059 [Test worker] INFO org.springframework.boot.test.context.SpringBootTestContextBootstrapper - Loaded default TestExecutionListener class names from location [META-INF/spring.factories]: [org.springframework.boot.test.autoconfigure.restdocs.RestDocsTestExecutionListener, org.springframework.boot.test.autoconfigure.web.client.MockRestServiceServerResetTestExecutionListener, org.springframework.boot.test.autoconfigure.web.servlet.MockMvcPrintOnlyOnFailureTestExecutionListener, org.springframework.boot.test.autoconfigure.web.servlet.WebDriverTestExecutionListener, org.springframework.boot.test.autoconfigure.webservices.client.MockWebServiceServerTestExecutionListener, org.springframework.boot.test.mock.mockito.MockitoTestExecutionListener, org.springframework.boot.test.mock.mockito.ResetMocksTestExecutionListener, org.springframework.test.context.web.ServletTestExecutionListener, org.springframework.test.context.support.DirtiesContextBeforeModesTestExecutionListener, org.springframework.test.context.event.ApplicationEventsTestExecutionListener, org.springframework.test.context.support.DependencyInjectionTestExecutionListener, org.springframework.test.context.support.DirtiesContextTestExecutionListener, org.springframework.test.context.transaction.TransactionalTestExecutionListener, org.springframework.test.context.jdbc.SqlScriptsTestExecutionListener, org.springframework.test.context.event.EventPublishingTestExecutionListener]
23:14:12.071 [Test worker] DEBUG org.springframework.boot.test.context.SpringBootTestContextBootstrapper - Skipping candidate TestExecutionListener [org.springframework.test.context.transaction.TransactionalTestExecutionListener] due to a missing dependency. Specify custom listener classes or make the default listener classes and their required dependencies available. Offending class: [org/springframework/transaction/interceptor/TransactionAttributeSource]
23:14:12.072 [Test worker] DEBUG org.springframework.boot.test.context.SpringBootTestContextBootstrapper - Skipping candidate TestExecutionListener [org.springframework.test.context.jdbc.SqlScriptsTestExecutionListener] due to a missing dependency. Specify custom listener classes or make the default listener classes and their required dependencies available. Offending class: [org/springframework/transaction/interceptor/TransactionAttribute]
23:14:12.072 [Test worker] INFO org.springframework.boot.test.context.SpringBootTestContextBootstrapper - Using TestExecutionListeners: [org.springframework.test.context.web.ServletTestExecutionListener@47404bea, org.springframework.test.context.support.DirtiesContextBeforeModesTestExecutionListener@305f7627, org.springframework.test.context.event.ApplicationEventsTestExecutionListener@5d018107, org.springframework.boot.test.mock.mockito.MockitoTestExecutionListener@6cbcf243, org.springframework.boot.test.autoconfigure.SpringBootDependencyInjectionTestExecutionListener@29e6eb25, org.springframework.test.context.support.DirtiesContextTestExecutionListener@62435e70, org.springframework.test.context.event.EventPublishingTestExecutionListener@339bf286, org.springframework.boot.test.autoconfigure.restdocs.RestDocsTestExecutionListener@38be305c, org.springframework.boot.test.autoconfigure.web.client.MockRestServiceServerResetTestExecutionListener@269f4bad, org.springframework.boot.test.autoconfigure.web.servlet.MockMvcPrintOnlyOnFailureTestExecutionListener@5ed731d0, org.springframework.boot.test.autoconfigure.web.servlet.WebDriverTestExecutionListener@3234f74e, org.springframework.boot.test.autoconfigure.webservices.client.MockWebServiceServerTestExecutionListener@7bc10d84, org.springframework.boot.test.mock.mockito.ResetMocksTestExecutionListener@275fe372]
23:14:12.077 [Test worker] DEBUG org.springframework.test.context.support.AbstractDirtiesContextTestExecutionListener - Before test class: context [DefaultTestContext@1c80e49b testClass = WebtechApplicationTests, testInstance = [null], testMethod = [null], testException = [null], mergedContextConfiguration = [WebMergedContextConfiguration@458342d3 testClass = WebtechApplicationTests, locations = '{}', classes = '{class de.htwberlin.webtech.webtech.WebtechApplication}', contextInitializerClasses = '[]', activeProfiles = '{}', propertySourceLocations = '{}', propertySourceProperties = '{org.springframework.boot.test.context.SpringBootTestContextBootstrapper=true}', contextCustomizers = set[org.springframework.boot.test.autoconfigure.actuate.metrics.MetricsExportContextCustomizerFactory$DisableMetricExportContextCustomizer@7b420819, org.springframework.boot.test.autoconfigure.properties.PropertyMappingContextCustomizer@0, org.springframework.boot.test.autoconfigure.web.servlet.WebDriverContextCustomizerFactory$Customizer@598bd2ba, org.springframework.boot.test.context.filter.ExcludeFilterContextCustomizer@38234a38, org.springframework.boot.test.json.DuplicateJsonObjectContextCustomizerFactory$DuplicateJsonObjectContextCustomizer@2c07545f, org.springframework.boot.test.mock.mockito.MockitoContextCustomizer@0, org.springframework.boot.test.web.client.TestRestTemplateContextCustomizer@4b40f651, org.springframework.boot.test.context.SpringBootTestArgs@1, org.springframework.boot.test.context.SpringBootTestWebEnvironment@34f7cfd9], resourceBasePath = 'src/main/webapp', contextLoader = 'org.springframework.boot.test.context.SpringBootContextLoader', parent = [null]], attributes = map['org.springframework.test.context.web.ServletTestExecutionListener.activateListener' -> true]], class annotated with @DirtiesContext [false] with mode [null].
23:14:12.111 [Test worker] DEBUG org.springframework.test.context.support.TestPropertySourceUtils - Adding inlined properties to environment: {spring.jmx.enabled=false, org.springframework.boot.test.context.SpringBootTestContextBootstrapper=true}

  .   ____          _            __ _ _
 /\\ / ___'_ __ _ _(_)_ __  __ _ \ \ \ \
( ( )\___ | '_ | '_| | '_ \/ _` | \ \ \ \
 \\/  ___)| |_)| | | | | || (_| |  ) ) ) )
  '  |____| .__|_| |_|_| |_\__, | / / / /
 =========|_|==============|___/=/_/_/_/
 :: Spring Boot ::                (v2.5.6)

2021-11-01 23:14:12.376  INFO 18040 --- [    Test worker] d.h.w.webtech.WebtechApplicationTests    : Starting WebtechApplicationTests using Java 16 on DESKTOP-VADVP09 with PID 18040 (started by Илья - Elias in C:\Users\Илья - Elias\Desktop\Webtechnologien\WebtechProjekt)
2021-11-01 23:14:12.378  INFO 18040 --- [    Test worker] d.h.w.webtech.WebtechApplicationTests    : No active profile set, falling back to default profiles: default
2021-11-01 23:14:13.832  INFO 18040 --- [    Test worker] d.h.w.webtech.WebtechApplicationTests    : Started WebtechApplicationTests in 1.712 seconds (JVM running for 2.865)
]]></system-out>
  <system-err><![CDATA[]]></system-err>
</testsuite>
